# JRE version: OpenJDK Runtime Environment Temurin-21.0.9+10 (21.0.9+10) (build 21.0.9+10-LTS)
# Java VM: OpenJDK 64-Bit Server VM Temurin-21.0.9+10 (21.0.9+10-LTS, mixed mode, sharing, tiered, compressed oops, compressed class ptrs, parallel gc, windows-amd64)
GC Precious Log:
 CardTable entry size: 512
 CPUs: 16 total, 16 available
 Memory: 7528M
 Large Page Support: Disabled
 NUMA Support: Disabled
 Compressed Oops: Enabled (32-bit)
 Alignments: Space 512K, Generation 512K, Heap 2M
 Heap Min Capacity: 100M
 Heap Initial Capacity: 100M
 Heap Max Capacity: 2G
 Pre-touch: Disabled
 Parallel Workers: 13
Heap:
 PSYoungGen      total 3584K, used 2309K [0x00000000d5580000, 0x00000000d6280000, 0x0000000100000000)
  eden space 2048K, 37% used [0x00000000d5580000,0x00000000d5641550,0x00000000d5780000)
  from space 1536K, 100% used [0x00000000d5c80000,0x00000000d5e00000,0x00000000d5e00000)
  to   space 5120K, 0% used [0x00000000d5780000,0x00000000d5780000,0x00000000d5c80000)
 ParOldGen       total 413184K, used 412813K [0x0000000080000000, 0x0000000099380000, 0x00000000d5580000)
  object space 413184K, 99% used [0x0000000080000000,0x0000000099323770,0x0000000099380000)
 Metaspace       used 60671K, committed 61952K, reserved 1114112K
  class space    used 6399K, committed 6912K, reserved 1048576K
GC Heap History (20 events):
Event: 41.245 GC heap before
{Heap before GC invocations=312 (full 3):
 PSYoungGen      total 3584K, used 3584K [0x00000000d5580000, 0x00000000d5d80000, 0x0000000100000000)
  eden space 2560K, 100% used [0x00000000d5580000,0x00000000d5800000,0x00000000d5800000)
  from space 1024K, 100% used [0x00000000d5c80000,0x00000000d5d80000,0x00000000d5d80000)
  to   space 1536K, 0% used [0x00000000d5a80000,0x00000000d5a80000,0x00000000d5c00000)
 ParOldGen       total 395264K, used 395067K [0x0000000080000000, 0x0000000098200000, 0x00000000d5580000)
  object space 395264K, 99% used [0x0000000080000000,0x00000000981cecc8,0x0000000098200000)
 Metaspace       used 60559K, committed 61888K, reserved 1114112K
  class space    used 6383K, committed 6912K, reserved 1048576K
}
Event: 41.247 GC heap after
{Heap after GC invocations=312 (full 3):
 PSYoungGen      total 4096K, used 1056K [0x00000000d5580000, 0x00000000d5d00000, 0x0000000100000000)
  eden space 2560K, 0% used [0x00000000d5580000,0x00000000d5580000,0x00000000d5800000)
  from space 1536K, 68% used [0x00000000d5a80000,0x00000000d5b88000,0x00000000d5c00000)
  to   space 1024K, 0% used [0x00000000d5c00000,0x00000000d5c00000,0x00000000d5d00000)
 ParOldGen       total 396288K, used 395939K [0x0000000080000000, 0x0000000098300000, 0x00000000d5580000)
  object space 396288K, 99% used [0x0000000080000000,0x00000000982a8cc8,0x0000000098300000)
 Metaspace       used 60559K, committed 61888K, reserved 1114112K
  class space    used 6383K, committed 6912K, reserved 1048576K
}
Event: 41.258 GC heap before
{Heap before GC invocations=313 (full 3):
 PSYoungGen      total 4096K, used 3616K [0x00000000d5580000, 0x00000000d5d00000, 0x0000000100000000)
  eden space 2560K, 100% used [0x00000000d5580000,0x00000000d5800000,0x00000000d5800000)
  from space 1536K, 68% used [0x00000000d5a80000,0x00000000d5b88000,0x00000000d5c00000)
  to   space 1024K, 0% used [0x00000000d5c00000,0x00000000d5c00000,0x00000000d5d00000)
 ParOldGen       total 396288K, used 395939K [0x0000000080000000, 0x0000000098300000, 0x00000000d5580000)
  object space 396288K, 99% used [0x0000000080000000,0x00000000982a8cc8,0x0000000098300000)
 Metaspace       used 60563K, committed 61888K, reserved 1114112K
  class space    used 6384K, committed 6912K, reserved 1048576K
}
Event: 41.260 GC heap after
{Heap after GC invocations=313 (full 3):
 PSYoungGen      total 3584K, used 1013K [0x00000000d5580000, 0x00000000d5e00000, 0x0000000100000000)
  eden space 2560K, 0% used [0x00000000d5580000,0x00000000d5580000,0x00000000d5800000)
  from space 1024K, 98% used [0x00000000d5c00000,0x00000000d5cfd510,0x00000000d5d00000)
  to   space 3072K, 0% used [0x00000000d5800000,0x00000000d5800000,0x00000000d5b00000)
 ParOldGen       total 397824K, used 397379K [0x0000000080000000, 0x0000000098480000, 0x00000000d5580000)
  object space 397824K, 99% used [0x0000000080000000,0x0000000098410cc8,0x0000000098480000)
 Metaspace       used 60563K, committed 61888K, reserved 1114112K
  class space    used 6384K, committed 6912K, reserved 1048576K
}
Event: 41.315 GC heap before
{Heap before GC invocations=314 (full 3):
 PSYoungGen      total 3584K, used 3573K [0x00000000d5580000, 0x00000000d5e00000, 0x0000000100000000)
  eden space 2560K, 100% used [0x00000000d5580000,0x00000000d5800000,0x00000000d5800000)
  from space 1024K, 98% used [0x00000000d5c00000,0x00000000d5cfd510,0x00000000d5d00000)
  to   space 3072K, 0% used [0x00000000d5800000,0x00000000d5800000,0x00000000d5b00000)
 ParOldGen       total 397824K, used 397379K [0x0000000080000000, 0x0000000098480000, 0x00000000d5580000)
  object space 397824K, 99% used [0x0000000080000000,0x0000000098410cc8,0x0000000098480000)
 Metaspace       used 60563K, committed 61888K, reserved 1114112K
  class space    used 6384K, committed 6912K, reserved 1048576K
}
Event: 41.319 GC heap after
{Heap after GC invocations=314 (full 3):
 PSYoungGen      total 5632K, used 2720K [0x00000000d5580000, 0x00000000d5e00000, 0x0000000100000000)
  eden space 2560K, 0% used [0x00000000d5580000,0x00000000d5580000,0x00000000d5800000)
  from space 3072K, 88% used [0x00000000d5800000,0x00000000d5aa8000,0x00000000d5b00000)
  to   space 3072K, 0% used [0x00000000d5b00000,0x00000000d5b00000,0x00000000d5e00000)
 ParOldGen       total 398336K, used 398264K [0x0000000080000000, 0x0000000098500000, 0x00000000d5580000)
  object space 398336K, 99% used [0x0000000080000000,0x00000000984ee1d8,0x0000000098500000)
 Metaspace       used 60563K, committed 61888K, reserved 1114112K
  class space    used 6384K, committed 6912K, reserved 1048576K
}
Event: 41.382 GC heap before
{Heap before GC invocations=315 (full 3):
 PSYoungGen      total 5632K, used 5280K [0x00000000d5580000, 0x00000000d5e00000, 0x0000000100000000)
  eden space 2560K, 100% used [0x00000000d5580000,0x00000000d5800000,0x00000000d5800000)
  from space 3072K, 88% used [0x00000000d5800000,0x00000000d5aa8000,0x00000000d5b00000)
  to   space 3072K, 0% used [0x00000000d5b00000,0x00000000d5b00000,0x00000000d5e00000)
 ParOldGen       total 398336K, used 398264K [0x0000000080000000, 0x0000000098500000, 0x00000000d5580000)
  object space 398336K, 99% used [0x0000000080000000,0x00000000984ee1d8,0x0000000098500000)
 Metaspace       used 60563K, committed 61888K, reserved 1114112K
  class space    used 6384K, committed 6912K, reserved 1048576K
}
Event: 41.387 GC heap after
{Heap after GC invocations=315 (full 3):
 PSYoungGen      total 5632K, used 2752K [0x00000000d5580000, 0x00000000d5e00000, 0x0000000100000000)
  eden space 2560K, 0% used [0x00000000d5580000,0x00000000d5580000,0x00000000d5800000)
  from space 3072K, 89% used [0x00000000d5b00000,0x00000000d5db0000,0x00000000d5e00000)
  to   space 3072K, 0% used [0x00000000d5800000,0x00000000d5800000,0x00000000d5b00000)
 ParOldGen       total 400896K, used 400864K [0x0000000080000000, 0x0000000098780000, 0x00000000d5580000)
  object space 400896K, 99% used [0x0000000080000000,0x00000000987781d8,0x0000000098780000)
 Metaspace       used 60563K, committed 61888K, reserved 1114112K
  class space    used 6384K, committed 6912K, reserved 1048576K
}
Event: 41.410 GC heap before
{Heap before GC invocations=316 (full 3):
 PSYoungGen      total 5632K, used 5312K [0x00000000d5580000, 0x00000000d5e00000, 0x0000000100000000)
  eden space 2560K, 100% used [0x00000000d5580000,0x00000000d5800000,0x00000000d5800000)
  from space 3072K, 89% used [0x00000000d5b00000,0x00000000d5db0000,0x00000000d5e00000)
  to   space 3072K, 0% used [0x00000000d5800000,0x00000000d5800000,0x00000000d5b00000)
 ParOldGen       total 400896K, used 400864K [0x0000000080000000, 0x0000000098780000, 0x00000000d5580000)
  object space 400896K, 99% used [0x0000000080000000,0x00000000987781d8,0x0000000098780000)
 Metaspace       used 60569K, committed 61888K, reserved 1114112K
  class space    used 6384K, committed 6912K, reserved 1048576K
}
Event: 41.414 GC heap after
{Heap after GC invocations=316 (full 3):
 PSYoungGen      total 5632K, used 2793K [0x00000000d5580000, 0x00000000d5e00000, 0x0000000100000000)
  eden space 2560K, 0% used [0x00000000d5580000,0x00000000d5580000,0x00000000d5800000)
  from space 3072K, 90% used [0x00000000d5800000,0x00000000d5aba588,0x00000000d5b00000)
  to   space 3072K, 0% used [0x00000000d5b00000,0x00000000d5b00000,0x00000000d5e00000)
 ParOldGen       total 403968K, used 403488K [0x0000000080000000, 0x0000000098a80000, 0x00000000d5580000)
  object space 403968K, 99% used [0x0000000080000000,0x0000000098a081d8,0x0000000098a80000)
 Metaspace       used 60569K, committed 61888K, reserved 1114112K
  class space    used 6384K, committed 6912K, reserved 1048576K
}
Event: 41.436 GC heap before
{Heap before GC invocations=317 (full 3):
 PSYoungGen      total 5632K, used 5353K [0x00000000d5580000, 0x00000000d5e00000, 0x0000000100000000)
  eden space 2560K, 100% used [0x00000000d5580000,0x00000000d5800000,0x00000000d5800000)
  from space 3072K, 90% used [0x00000000d5800000,0x00000000d5aba588,0x00000000d5b00000)
  to   space 3072K, 0% used [0x00000000d5b00000,0x00000000d5b00000,0x00000000d5e00000)
 ParOldGen       total 403968K, used 403488K [0x0000000080000000, 0x0000000098a80000, 0x00000000d5580000)
  object space 403968K, 99% used [0x0000000080000000,0x0000000098a081d8,0x0000000098a80000)
 Metaspace       used 60586K, committed 61888K, reserved 1114112K
  class space    used 6384K, committed 6912K, reserved 1048576K
}
Event: 41.439 GC heap after
{Heap after GC invocations=317 (full 3):
 PSYoungGen      total 5120K, used 2220K [0x00000000d5580000, 0x00000000d5d80000, 0x0000000100000000)
  eden space 2560K, 0% used [0x00000000d5580000,0x00000000d5580000,0x00000000d5800000)
  from space 2560K, 86% used [0x00000000d5b00000,0x00000000d5d2b2b8,0x00000000d5d80000)
  to   space 2560K, 0% used [0x00000000d5880000,0x00000000d5880000,0x00000000d5b00000)
 ParOldGen       total 404480K, used 404191K [0x0000000080000000, 0x0000000098b00000, 0x00000000d5580000)
  object space 404480K, 99% used [0x0000000080000000,0x0000000098ab7ee0,0x0000000098b00000)
 Metaspace       used 60586K, committed 61888K, reserved 1114112K
  class space    used 6384K, committed 6912K, reserved 1048576K
}
Event: 41.545 GC heap before
{Heap before GC invocations=318 (full 3):
 PSYoungGen      total 5120K, used 4658K [0x00000000d5580000, 0x00000000d5d80000, 0x0000000100000000)
  eden space 2560K, 95% used [0x00000000d5580000,0x00000000d57e1780,0x00000000d5800000)
  from space 2560K, 86% used [0x00000000d5b00000,0x00000000d5d2b2b8,0x00000000d5d80000)
  to   space 2560K, 0% used [0x00000000d5880000,0x00000000d5880000,0x00000000d5b00000)
 ParOldGen       total 404480K, used 404191K [0x0000000080000000, 0x0000000098b00000, 0x00000000d5580000)
  object space 404480K, 99% used [0x0000000080000000,0x0000000098ab7ee0,0x0000000098b00000)
 Metaspace       used 60586K, committed 61888K, reserved 1114112K
  class space    used 6384K, committed 6912K, reserved 1048576K
}
Event: 41.550 GC heap after
{Heap after GC invocations=318 (full 3):
 PSYoungGen      total 5120K, used 2536K [0x00000000d5580000, 0x00000000d6300000, 0x0000000100000000)
  eden space 2560K, 0% used [0x00000000d5580000,0x00000000d5580000,0x00000000d5800000)
  from space 2560K, 99% used [0x00000000d5880000,0x00000000d5afa108,0x00000000d5b00000)
  to   space 5632K, 0% used [0x00000000d5d80000,0x00000000d5d80000,0x00000000d6300000)
 ParOldGen       total 406528K, used 406355K [0x0000000080000000, 0x0000000098d00000, 0x00000000d5580000)
  object space 406528K, 99% used [0x0000000080000000,0x0000000098cd4e30,0x0000000098d00000)
 Metaspace       used 60586K, committed 61888K, reserved 1114112K
  class space    used 6384K, committed 6912K, reserved 1048576K
}
Event: 41.590 GC heap before
{Heap before GC invocations=319 (full 3):
 PSYoungGen      total 5120K, used 5062K [0x00000000d5580000, 0x00000000d6300000, 0x0000000100000000)
  eden space 2560K, 98% used [0x00000000d5580000,0x00000000d57f77d0,0x00000000d5800000)
  from space 2560K, 99% used [0x00000000d5880000,0x00000000d5afa108,0x00000000d5b00000)
  to   space 5632K, 0% used [0x00000000d5d80000,0x00000000d5d80000,0x00000000d6300000)
 ParOldGen       total 406528K, used 406355K [0x0000000080000000, 0x0000000098d00000, 0x00000000d5580000)
  object space 406528K, 99% used [0x0000000080000000,0x0000000098cd4e30,0x0000000098d00000)
 Metaspace       used 60598K, committed 61888K, reserved 1114112K
  class space    used 6386K, committed 6912K, reserved 1048576K
}
Event: 41.663 GC heap after
{Heap after GC invocations=319 (full 3):
 PSYoungGen      total 4608K, used 1086K [0x00000000d5580000, 0x00000000d5f00000, 0x0000000100000000)
  eden space 3072K, 0% used [0x00000000d5580000,0x00000000d5580000,0x00000000d5880000)
  from space 1536K, 70% used [0x00000000d5d80000,0x00000000d5e8fa80,0x00000000d5f00000)
  to   space 2560K, 0% used [0x00000000d5a00000,0x00000000d5a00000,0x00000000d5c80000)
 ParOldGen       total 409088K, used 408842K [0x0000000080000000, 0x0000000098f80000, 0x00000000d5580000)
  object space 409088K, 99% used [0x0000000080000000,0x0000000098f42a00,0x0000000098f80000)
 Metaspace       used 60598K, committed 61888K, reserved 1114112K
  class space    used 6386K, committed 6912K, reserved 1048576K
}
Event: 41.838 GC heap before
{Heap before GC invocations=320 (full 3):
 PSYoungGen      total 4608K, used 4158K [0x00000000d5580000, 0x00000000d5f00000, 0x0000000100000000)
  eden space 3072K, 99% used [0x00000000d5580000,0x00000000d587ff98,0x00000000d5880000)
  from space 1536K, 70% used [0x00000000d5d80000,0x00000000d5e8fa80,0x00000000d5f00000)
  to   space 2560K, 0% used [0x00000000d5a00000,0x00000000d5a00000,0x00000000d5c80000)
 ParOldGen       total 409088K, used 408842K [0x0000000080000000, 0x0000000098f80000, 0x00000000d5580000)
  object space 409088K, 99% used [0x0000000080000000,0x0000000098f42a00,0x0000000098f80000)
 Metaspace       used 60616K, committed 61888K, reserved 1114112K
  class space    used 6390K, committed 6912K, reserved 1048576K
}
Event: 41.845 GC heap after
{Heap after GC invocations=320 (full 3):
 PSYoungGen      total 5632K, used 2192K [0x00000000d5580000, 0x00000000d5e00000, 0x0000000100000000)
  eden space 3072K, 0% used [0x00000000d5580000,0x00000000d5580000,0x00000000d5880000)
  from space 2560K, 85% used [0x00000000d5a00000,0x00000000d5c242f8,0x00000000d5c80000)
  to   space 1536K, 0% used [0x00000000d5c80000,0x00000000d5c80000,0x00000000d5e00000)
 ParOldGen       total 410112K, used 409725K [0x0000000080000000, 0x0000000099080000, 0x00000000d5580000)
  object space 410112K, 99% used [0x0000000080000000,0x000000009901f478,0x0000000099080000)
 Metaspace       used 60616K, committed 61888K, reserved 1114112K
  class space    used 6390K, committed 6912K, reserved 1048576K
}
Event: 41.911 GC heap before
{Heap before GC invocations=321 (full 3):
 PSYoungGen      total 5632K, used 5262K [0x00000000d5580000, 0x00000000d5e00000, 0x0000000100000000)
  eden space 3072K, 99% used [0x00000000d5580000,0x00000000d587f820,0x00000000d5880000)
  from space 2560K, 85% used [0x00000000d5a00000,0x00000000d5c242f8,0x00000000d5c80000)
  to   space 1536K, 0% used [0x00000000d5c80000,0x00000000d5c80000,0x00000000d5e00000)
 ParOldGen       total 410112K, used 409725K [0x0000000080000000, 0x0000000099080000, 0x00000000d5580000)
  object space 410112K, 99% used [0x0000000080000000,0x000000009901f478,0x0000000099080000)
 Metaspace       used 60644K, committed 61952K, reserved 1114112K
  class space    used 6395K, committed 6912K, reserved 1048576K
}
Event: 41.915 GC heap after
{Heap after GC invocations=321 (full 3):
 PSYoungGen      total 3584K, used 1536K [0x00000000d5580000, 0x00000000d6280000, 0x0000000100000000)
  eden space 2048K, 0% used [0x00000000d5580000,0x00000000d5580000,0x00000000d5780000)
  from space 1536K, 100% used [0x00000000d5c80000,0x00000000d5e00000,0x00000000d5e00000)
  to   space 5120K, 0% used [0x00000000d5780000,0x00000000d5780000,0x00000000d5c80000)
 ParOldGen       total 413184K, used 412813K [0x0000000080000000, 0x0000000099380000, 0x00000000d5580000)
  object space 413184K, 99% used [0x0000000080000000,0x0000000099323770,0x0000000099380000)
 Metaspace       used 60644K, committed 61952K, reserved 1114112K
  class space    used 6395K, committed 6912K, reserved 1048576K
}

