# JRE version: OpenJDK Runtime Environment Temurin-21.0.9+10 (21.0.9+10) (build 21.0.9+10-LTS)
# Java VM: OpenJDK 64-Bit Server VM Temurin-21.0.9+10 (21.0.9+10-LTS, mixed mode, sharing, tiered, compressed oops, compressed class ptrs, parallel gc, windows-amd64)
GC Precious Log:
 CardTable entry size: 512
 CPUs: 16 total, 16 available
 Memory: 7528M
 Large Page Support: Disabled
 NUMA Support: Disabled
 Compressed Oops: Enabled (32-bit)
 Alignments: Space 512K, Generation 512K, Heap 2M
 Heap Min Capacity: 100M
 Heap Initial Capacity: 100M
 Heap Max Capacity: 2G
 Pre-touch: Disabled
 Parallel Workers: 13
Heap:
 PSYoungGen      total 14848K, used 14183K [0x00000000d5580000, 0x00000000d6600000, 0x0000000100000000)
  eden space 13824K, 96% used [0x00000000d5580000,0x00000000d6281d58,0x00000000d6300000)
  from space 1024K, 84% used [0x00000000d6300000,0x00000000d63d8040,0x00000000d6400000)
  to   space 1536K, 0% used [0x00000000d6480000,0x00000000d6480000,0x00000000d6600000)
 ParOldGen       total 68608K, used 59074K [0x0000000080000000, 0x0000000084300000, 0x00000000d5580000)
  object space 68608K, 86% used [0x0000000080000000,0x00000000839b0be8,0x0000000084300000)
 Metaspace       used 70954K, committed 72384K, reserved 1114112K
  class space    used 7238K, committed 7872K, reserved 1048576K
GC Heap History (20 events):
Event: 9157.367 GC heap before
{Heap before GC invocations=47 (full 3):
 PSYoungGen      total 17408K, used 17376K [0x00000000d5580000, 0x00000000d6880000, 0x0000000100000000)
  eden space 16384K, 100% used [0x00000000d5580000,0x00000000d6580000,0x00000000d6580000)
  from space 1024K, 96% used [0x00000000d6600000,0x00000000d66f8000,0x00000000d6700000)
  to   space 1536K, 0% used [0x00000000d6700000,0x00000000d6700000,0x00000000d6880000)
 ParOldGen       total 68608K, used 53535K [0x0000000080000000, 0x0000000084300000, 0x00000000d5580000)
  object space 68608K, 78% used [0x0000000080000000,0x0000000083447c88,0x0000000084300000)
 Metaspace       used 67670K, committed 69184K, reserved 1114112K
  class space    used 7005K, committed 7616K, reserved 1048576K
}
Event: 9157.369 GC heap after
{Heap after GC invocations=47 (full 3):
 PSYoungGen      total 17408K, used 736K [0x00000000d5580000, 0x00000000d6800000, 0x0000000100000000)
  eden space 16384K, 0% used [0x00000000d5580000,0x00000000d5580000,0x00000000d6580000)
  from space 1024K, 71% used [0x00000000d6700000,0x00000000d67b8000,0x00000000d6800000)
  to   space 1024K, 0% used [0x00000000d6600000,0x00000000d6600000,0x00000000d6700000)
 ParOldGen       total 68608K, used 53935K [0x0000000080000000, 0x0000000084300000, 0x00000000d5580000)
  object space 68608K, 78% used [0x0000000080000000,0x00000000834abc88,0x0000000084300000)
 Metaspace       used 67670K, committed 69184K, reserved 1114112K
  class space    used 7005K, committed 7616K, reserved 1048576K
}
Event: 9157.568 GC heap before
{Heap before GC invocations=48 (full 3):
 PSYoungGen      total 17408K, used 17088K [0x00000000d5580000, 0x00000000d6800000, 0x0000000100000000)
  eden space 16384K, 99% used [0x00000000d5580000,0x00000000d6578018,0x00000000d6580000)
  from space 1024K, 71% used [0x00000000d6700000,0x00000000d67b8000,0x00000000d6800000)
  to   space 1024K, 0% used [0x00000000d6600000,0x00000000d6600000,0x00000000d6700000)
 ParOldGen       total 68608K, used 53935K [0x0000000080000000, 0x0000000084300000, 0x00000000d5580000)
  object space 68608K, 78% used [0x0000000080000000,0x00000000834abc88,0x0000000084300000)
 Metaspace       used 68064K, committed 69568K, reserved 1114112K
  class space    used 7038K, committed 7680K, reserved 1048576K
}
Event: 9157.572 GC heap after
{Heap after GC invocations=48 (full 3):
 PSYoungGen      total 17408K, used 576K [0x00000000d5580000, 0x00000000d6780000, 0x0000000100000000)
  eden space 16384K, 0% used [0x00000000d5580000,0x00000000d5580000,0x00000000d6580000)
  from space 1024K, 56% used [0x00000000d6600000,0x00000000d6690000,0x00000000d6700000)
  to   space 512K, 0% used [0x00000000d6700000,0x00000000d6700000,0x00000000d6780000)
 ParOldGen       total 68608K, used 54095K [0x0000000080000000, 0x0000000084300000, 0x00000000d5580000)
  object space 68608K, 78% used [0x0000000080000000,0x00000000834d3c88,0x0000000084300000)
 Metaspace       used 68064K, committed 69568K, reserved 1114112K
  class space    used 7038K, committed 7680K, reserved 1048576K
}
Event: 11124.651 GC heap before
{Heap before GC invocations=49 (full 3):
 PSYoungGen      total 17408K, used 16960K [0x00000000d5580000, 0x00000000d6780000, 0x0000000100000000)
  eden space 16384K, 100% used [0x00000000d5580000,0x00000000d6580000,0x00000000d6580000)
  from space 1024K, 56% used [0x00000000d6600000,0x00000000d6690000,0x00000000d6700000)
  to   space 512K, 0% used [0x00000000d6700000,0x00000000d6700000,0x00000000d6780000)
 ParOldGen       total 68608K, used 54095K [0x0000000080000000, 0x0000000084300000, 0x00000000d5580000)
  object space 68608K, 78% used [0x0000000080000000,0x00000000834d3c88,0x0000000084300000)
 Metaspace       used 68319K, committed 69824K, reserved 1114112K
  class space    used 7041K, committed 7680K, reserved 1048576K
}
Event: 11124.684 GC heap after
{Heap after GC invocations=49 (full 3):
 PSYoungGen      total 15872K, used 480K [0x00000000d5580000, 0x00000000d6a80000, 0x0000000100000000)
  eden space 15360K, 0% used [0x00000000d5580000,0x00000000d5580000,0x00000000d6480000)
  from space 512K, 93% used [0x00000000d6700000,0x00000000d6778040,0x00000000d6780000)
  to   space 2560K, 0% used [0x00000000d6480000,0x00000000d6480000,0x00000000d6700000)
 ParOldGen       total 68608K, used 55649K [0x0000000080000000, 0x0000000084300000, 0x00000000d5580000)
  object space 68608K, 81% used [0x0000000080000000,0x00000000836587c8,0x0000000084300000)
 Metaspace       used 68319K, committed 69824K, reserved 1114112K
  class space    used 7041K, committed 7680K, reserved 1048576K
}
Event: 11125.573 GC heap before
{Heap before GC invocations=50 (full 3):
 PSYoungGen      total 15872K, used 15840K [0x00000000d5580000, 0x00000000d6a80000, 0x0000000100000000)
  eden space 15360K, 100% used [0x00000000d5580000,0x00000000d6480000,0x00000000d6480000)
  from space 512K, 93% used [0x00000000d6700000,0x00000000d6778040,0x00000000d6780000)
  to   space 2560K, 0% used [0x00000000d6480000,0x00000000d6480000,0x00000000d6700000)
 ParOldGen       total 68608K, used 55649K [0x0000000080000000, 0x0000000084300000, 0x00000000d5580000)
  object space 68608K, 81% used [0x0000000080000000,0x00000000836587c8,0x0000000084300000)
 Metaspace       used 68526K, committed 70016K, reserved 1114112K
  class space    used 7041K, committed 7680K, reserved 1048576K
}
Event: 11125.591 GC heap after
{Heap after GC invocations=50 (full 3):
 PSYoungGen      total 16384K, used 1008K [0x00000000d5580000, 0x00000000d6780000, 0x0000000100000000)
  eden space 15360K, 0% used [0x00000000d5580000,0x00000000d5580000,0x00000000d6480000)
  from space 1024K, 98% used [0x00000000d6480000,0x00000000d657c030,0x00000000d6580000)
  to   space 1536K, 0% used [0x00000000d6600000,0x00000000d6600000,0x00000000d6780000)
 ParOldGen       total 68608K, used 56067K [0x0000000080000000, 0x0000000084300000, 0x00000000d5580000)
  object space 68608K, 81% used [0x0000000080000000,0x00000000836c0e68,0x0000000084300000)
 Metaspace       used 68526K, committed 70016K, reserved 1114112K
  class space    used 7041K, committed 7680K, reserved 1048576K
}
Event: 11598.442 GC heap before
{Heap before GC invocations=51 (full 3):
 PSYoungGen      total 16384K, used 16368K [0x00000000d5580000, 0x00000000d6780000, 0x0000000100000000)
  eden space 15360K, 100% used [0x00000000d5580000,0x00000000d6480000,0x00000000d6480000)
  from space 1024K, 98% used [0x00000000d6480000,0x00000000d657c030,0x00000000d6580000)
  to   space 1536K, 0% used [0x00000000d6600000,0x00000000d6600000,0x00000000d6780000)
 ParOldGen       total 68608K, used 56067K [0x0000000080000000, 0x0000000084300000, 0x00000000d5580000)
  object space 68608K, 81% used [0x0000000080000000,0x00000000836c0e68,0x0000000084300000)
 Metaspace       used 68771K, committed 70208K, reserved 1114112K
  class space    used 7050K, committed 7680K, reserved 1048576K
}
Event: 11598.474 GC heap after
{Heap after GC invocations=51 (full 3):
 PSYoungGen      total 16896K, used 1072K [0x00000000d5580000, 0x00000000d6780000, 0x0000000100000000)
  eden space 15360K, 0% used [0x00000000d5580000,0x00000000d5580000,0x00000000d6480000)
  from space 1536K, 69% used [0x00000000d6600000,0x00000000d670c030,0x00000000d6780000)
  to   space 1536K, 0% used [0x00000000d6480000,0x00000000d6480000,0x00000000d6600000)
 ParOldGen       total 68608K, used 56331K [0x0000000080000000, 0x0000000084300000, 0x00000000d5580000)
  object space 68608K, 82% used [0x0000000080000000,0x0000000083702e88,0x0000000084300000)
 Metaspace       used 68771K, committed 70208K, reserved 1114112K
  class space    used 7050K, committed 7680K, reserved 1048576K
}
Event: 11598.961 GC heap before
{Heap before GC invocations=52 (full 3):
 PSYoungGen      total 16896K, used 16432K [0x00000000d5580000, 0x00000000d6780000, 0x0000000100000000)
  eden space 15360K, 100% used [0x00000000d5580000,0x00000000d6480000,0x00000000d6480000)
  from space 1536K, 69% used [0x00000000d6600000,0x00000000d670c030,0x00000000d6780000)
  to   space 1536K, 0% used [0x00000000d6480000,0x00000000d6480000,0x00000000d6600000)
 ParOldGen       total 68608K, used 56331K [0x0000000080000000, 0x0000000084300000, 0x00000000d5580000)
  object space 68608K, 82% used [0x0000000080000000,0x0000000083702e88,0x0000000084300000)
 Metaspace       used 68996K, committed 70400K, reserved 1114112K
  class space    used 7060K, committed 7680K, reserved 1048576K
}
Event: 11598.965 GC heap after
{Heap after GC invocations=52 (full 3):
 PSYoungGen      total 16384K, used 672K [0x00000000d5580000, 0x00000000d6680000, 0x0000000100000000)
  eden space 15360K, 0% used [0x00000000d5580000,0x00000000d5580000,0x00000000d6480000)
  from space 1024K, 65% used [0x00000000d6480000,0x00000000d6528020,0x00000000d6580000)
  to   space 1024K, 0% used [0x00000000d6580000,0x00000000d6580000,0x00000000d6680000)
 ParOldGen       total 68608K, used 56507K [0x0000000080000000, 0x0000000084300000, 0x00000000d5580000)
  object space 68608K, 82% used [0x0000000080000000,0x000000008372eea8,0x0000000084300000)
 Metaspace       used 68996K, committed 70400K, reserved 1114112K
  class space    used 7060K, committed 7680K, reserved 1048576K
}
Event: 11602.889 GC heap before
{Heap before GC invocations=53 (full 3):
 PSYoungGen      total 16384K, used 16031K [0x00000000d5580000, 0x00000000d6680000, 0x0000000100000000)
  eden space 15360K, 99% used [0x00000000d5580000,0x00000000d647ffb8,0x00000000d6480000)
  from space 1024K, 65% used [0x00000000d6480000,0x00000000d6528020,0x00000000d6580000)
  to   space 1024K, 0% used [0x00000000d6580000,0x00000000d6580000,0x00000000d6680000)
 ParOldGen       total 68608K, used 56507K [0x0000000080000000, 0x0000000084300000, 0x00000000d5580000)
  object space 68608K, 82% used [0x0000000080000000,0x000000008372eea8,0x0000000084300000)
 Metaspace       used 69715K, committed 71168K, reserved 1114112K
  class space    used 7151K, committed 7808K, reserved 1048576K
}
Event: 11602.895 GC heap after
{Heap after GC invocations=53 (full 3):
 PSYoungGen      total 16384K, used 762K [0x00000000d5580000, 0x00000000d6680000, 0x0000000100000000)
  eden space 15360K, 0% used [0x00000000d5580000,0x00000000d5580000,0x00000000d6480000)
  from space 1024K, 74% used [0x00000000d6580000,0x00000000d663e920,0x00000000d6680000)
  to   space 1024K, 0% used [0x00000000d6480000,0x00000000d6480000,0x00000000d6580000)
 ParOldGen       total 68608K, used 56873K [0x0000000080000000, 0x0000000084300000, 0x00000000d5580000)
  object space 68608K, 82% used [0x0000000080000000,0x000000008378a558,0x0000000084300000)
 Metaspace       used 69715K, committed 71168K, reserved 1114112K
  class space    used 7151K, committed 7808K, reserved 1048576K
}
Event: 11603.377 GC heap before
{Heap before GC invocations=54 (full 3):
 PSYoungGen      total 16384K, used 16122K [0x00000000d5580000, 0x00000000d6680000, 0x0000000100000000)
  eden space 15360K, 100% used [0x00000000d5580000,0x00000000d6480000,0x00000000d6480000)
  from space 1024K, 74% used [0x00000000d6580000,0x00000000d663e920,0x00000000d6680000)
  to   space 1024K, 0% used [0x00000000d6480000,0x00000000d6480000,0x00000000d6580000)
 ParOldGen       total 68608K, used 56873K [0x0000000080000000, 0x0000000084300000, 0x00000000d5580000)
  object space 68608K, 82% used [0x0000000080000000,0x000000008378a558,0x0000000084300000)
 Metaspace       used 70255K, committed 71744K, reserved 1114112K
  class space    used 7180K, committed 7808K, reserved 1048576K
}
Event: 11603.379 GC heap after
{Heap after GC invocations=54 (full 3):
 PSYoungGen      total 16384K, used 512K [0x00000000d5580000, 0x00000000d6680000, 0x0000000100000000)
  eden space 15360K, 0% used [0x00000000d5580000,0x00000000d5580000,0x00000000d6480000)
  from space 1024K, 50% used [0x00000000d6480000,0x00000000d6500000,0x00000000d6580000)
  to   space 1024K, 0% used [0x00000000d6580000,0x00000000d6580000,0x00000000d6680000)
 ParOldGen       total 68608K, used 57267K [0x0000000080000000, 0x0000000084300000, 0x00000000d5580000)
  object space 68608K, 83% used [0x0000000080000000,0x00000000837ece78,0x0000000084300000)
 Metaspace       used 70255K, committed 71744K, reserved 1114112K
  class space    used 7180K, committed 7808K, reserved 1048576K
}
Event: 11605.134 GC heap before
{Heap before GC invocations=55 (full 3):
 PSYoungGen      total 16384K, used 15872K [0x00000000d5580000, 0x00000000d6680000, 0x0000000100000000)
  eden space 15360K, 100% used [0x00000000d5580000,0x00000000d6480000,0x00000000d6480000)
  from space 1024K, 50% used [0x00000000d6480000,0x00000000d6500000,0x00000000d6580000)
  to   space 1024K, 0% used [0x00000000d6580000,0x00000000d6580000,0x00000000d6680000)
 ParOldGen       total 68608K, used 57267K [0x0000000080000000, 0x0000000084300000, 0x00000000d5580000)
  object space 68608K, 83% used [0x0000000080000000,0x00000000837ece78,0x0000000084300000)
 Metaspace       used 70595K, committed 72064K, reserved 1114112K
  class space    used 7212K, committed 7808K, reserved 1048576K
}
Event: 11605.139 GC heap after
{Heap after GC invocations=55 (full 3):
 PSYoungGen      total 14848K, used 1024K [0x00000000d5580000, 0x00000000d6980000, 0x0000000100000000)
  eden space 13824K, 0% used [0x00000000d5580000,0x00000000d5580000,0x00000000d6300000)
  from space 1024K, 100% used [0x00000000d6580000,0x00000000d6680000,0x00000000d6680000)
  to   space 2560K, 0% used [0x00000000d6300000,0x00000000d6300000,0x00000000d6580000)
 ParOldGen       total 68608K, used 58156K [0x0000000080000000, 0x0000000084300000, 0x00000000d5580000)
  object space 68608K, 84% used [0x0000000080000000,0x00000000838cb2e0,0x0000000084300000)
 Metaspace       used 70595K, committed 72064K, reserved 1114112K
  class space    used 7212K, committed 7808K, reserved 1048576K
}
Event: 11856.082 GC heap before
{Heap before GC invocations=56 (full 3):
 PSYoungGen      total 14848K, used 14848K [0x00000000d5580000, 0x00000000d6980000, 0x0000000100000000)
  eden space 13824K, 100% used [0x00000000d5580000,0x00000000d6300000,0x00000000d6300000)
  from space 1024K, 100% used [0x00000000d6580000,0x00000000d6680000,0x00000000d6680000)
  to   space 2560K, 0% used [0x00000000d6300000,0x00000000d6300000,0x00000000d6580000)
 ParOldGen       total 68608K, used 58156K [0x0000000080000000, 0x0000000084300000, 0x00000000d5580000)
  object space 68608K, 84% used [0x0000000080000000,0x00000000838cb2e0,0x0000000084300000)
 Metaspace       used 70779K, committed 72192K, reserved 1114112K
  class space    used 7230K, committed 7872K, reserved 1048576K
}
Event: 11856.190 GC heap after
{Heap after GC invocations=56 (full 3):
 PSYoungGen      total 14848K, used 864K [0x00000000d5580000, 0x00000000d6600000, 0x0000000100000000)
  eden space 13824K, 0% used [0x00000000d5580000,0x00000000d5580000,0x00000000d6300000)
  from space 1024K, 84% used [0x00000000d6300000,0x00000000d63d8040,0x00000000d6400000)
  to   space 1536K, 0% used [0x00000000d6480000,0x00000000d6480000,0x00000000d6600000)
 ParOldGen       total 68608K, used 59074K [0x0000000080000000, 0x0000000084300000, 0x00000000d5580000)
  object space 68608K, 86% used [0x0000000080000000,0x00000000839b0be8,0x0000000084300000)
 Metaspace       used 70779K, committed 72192K, reserved 1114112K
  class space    used 7230K, committed 7872K, reserved 1048576K
}

