# JRE version: OpenJDK Runtime Environment Temurin-21.0.9+10 (21.0.9+10) (build 21.0.9+10-LTS)
# Java VM: OpenJDK 64-Bit Server VM Temurin-21.0.9+10 (21.0.9+10-LTS, mixed mode, sharing, tiered, compressed oops, compressed class ptrs, parallel gc, windows-amd64)
GC Precious Log:
 CardTable entry size: 512
 CPUs: 16 total, 16 available
 Memory: 7528M
 Large Page Support: Disabled
 NUMA Support: Disabled
 Compressed Oops: Enabled (32-bit)
 Alignments: Space 512K, Generation 512K, Heap 2M
 Heap Min Capacity: 100M
 Heap Initial Capacity: 100M
 Heap Max Capacity: 2G
 Pre-touch: Disabled
 Parallel Workers: 13
Heap:
 PSYoungGen      total 2560K, used 1978K [0x00000000d5580000, 0x00000000d5880000, 0x0000000100000000)
  eden space 2048K, 82% used [0x00000000d5580000,0x00000000d57269d0,0x00000000d5780000)
  from space 512K, 56% used [0x00000000d5800000,0x00000000d5848000,0x00000000d5880000)
  to   space 512K, 0% used [0x00000000d5780000,0x00000000d5780000,0x00000000d5800000)
 ParOldGen       total 651776K, used 150325K [0x0000000080000000, 0x00000000a7c80000, 0x00000000d5580000)
  object space 651776K, 23% used [0x0000000080000000,0x00000000892cd6a8,0x00000000a7c80000)
 Metaspace       used 78030K, committed 79744K, reserved 1179648K
  class space    used 7952K, committed 8768K, reserved 1048576K
GC Heap History (20 events):
Event: 7525.212 GC heap before
{Heap before GC invocations=621 (full 4):
 PSYoungGen      total 2048K, used 2048K [0x00000000d5580000, 0x00000000d5900000, 0x0000000100000000)
  eden space 1536K, 100% used [0x00000000d5580000,0x00000000d5700000,0x00000000d5700000)
  from space 512K, 100% used [0x00000000d5800000,0x00000000d5880000,0x00000000d5880000)
  to   space 1024K, 0% used [0x00000000d5700000,0x00000000d5700000,0x00000000d5800000)
 ParOldGen       total 651776K, used 148587K [0x0000000080000000, 0x00000000a7c80000, 0x00000000d5580000)
  object space 651776K, 22% used [0x0000000080000000,0x000000008911ac28,0x00000000a7c80000)
 Metaspace       used 77967K, committed 79680K, reserved 1179648K
  class space    used 7952K, committed 8768K, reserved 1048576K
}
Event: 7525.215 GC heap after
{Heap after GC invocations=621 (full 4):
 PSYoungGen      total 2560K, used 448K [0x00000000d5580000, 0x00000000d5900000, 0x0000000100000000)
  eden space 1536K, 0% used [0x00000000d5580000,0x00000000d5580000,0x00000000d5700000)
  from space 1024K, 43% used [0x00000000d5700000,0x00000000d5770000,0x00000000d5800000)
  to   space 1024K, 0% used [0x00000000d5800000,0x00000000d5800000,0x00000000d5900000)
 ParOldGen       total 651776K, used 149128K [0x0000000080000000, 0x00000000a7c80000, 0x00000000d5580000)
  object space 651776K, 22% used [0x0000000080000000,0x00000000891a20b8,0x00000000a7c80000)
 Metaspace       used 77967K, committed 79680K, reserved 1179648K
  class space    used 7952K, committed 8768K, reserved 1048576K
}
Event: 7525.233 GC heap before
{Heap before GC invocations=622 (full 4):
 PSYoungGen      total 2560K, used 1984K [0x00000000d5580000, 0x00000000d5900000, 0x0000000100000000)
  eden space 1536K, 100% used [0x00000000d5580000,0x00000000d5700000,0x00000000d5700000)
  from space 1024K, 43% used [0x00000000d5700000,0x00000000d5770000,0x00000000d5800000)
  to   space 1024K, 0% used [0x00000000d5800000,0x00000000d5800000,0x00000000d5900000)
 ParOldGen       total 651776K, used 149128K [0x0000000080000000, 0x00000000a7c80000, 0x00000000d5580000)
  object space 651776K, 22% used [0x0000000080000000,0x00000000891a20b8,0x00000000a7c80000)
 Metaspace       used 77967K, committed 79680K, reserved 1179648K
  class space    used 7952K, committed 8768K, reserved 1048576K
}
Event: 7525.236 GC heap after
{Heap after GC invocations=622 (full 4):
 PSYoungGen      total 2048K, used 288K [0x00000000d5580000, 0x00000000d5880000, 0x0000000100000000)
  eden space 1536K, 0% used [0x00000000d5580000,0x00000000d5580000,0x00000000d5700000)
  from space 512K, 56% used [0x00000000d5800000,0x00000000d5848000,0x00000000d5880000)
  to   space 512K, 0% used [0x00000000d5780000,0x00000000d5780000,0x00000000d5800000)
 ParOldGen       total 651776K, used 149376K [0x0000000080000000, 0x00000000a7c80000, 0x00000000d5580000)
  object space 651776K, 22% used [0x0000000080000000,0x00000000891e00b8,0x00000000a7c80000)
 Metaspace       used 77967K, committed 79680K, reserved 1179648K
  class space    used 7952K, committed 8768K, reserved 1048576K
}
Event: 7525.256 GC heap before
{Heap before GC invocations=623 (full 4):
 PSYoungGen      total 2048K, used 1824K [0x00000000d5580000, 0x00000000d5880000, 0x0000000100000000)
  eden space 1536K, 100% used [0x00000000d5580000,0x00000000d5700000,0x00000000d5700000)
  from space 512K, 56% used [0x00000000d5800000,0x00000000d5848000,0x00000000d5880000)
  to   space 512K, 0% used [0x00000000d5780000,0x00000000d5780000,0x00000000d5800000)
 ParOldGen       total 651776K, used 149376K [0x0000000080000000, 0x00000000a7c80000, 0x00000000d5580000)
  object space 651776K, 22% used [0x0000000080000000,0x00000000891e00b8,0x00000000a7c80000)
 Metaspace       used 77968K, committed 79680K, reserved 1179648K
  class space    used 7952K, committed 8768K, reserved 1048576K
}
Event: 7525.259 GC heap after
{Heap after GC invocations=623 (full 4):
 PSYoungGen      total 2048K, used 352K [0x00000000d5580000, 0x00000000d5880000, 0x0000000100000000)
  eden space 1536K, 0% used [0x00000000d5580000,0x00000000d5580000,0x00000000d5700000)
  from space 512K, 68% used [0x00000000d5780000,0x00000000d57d8000,0x00000000d5800000)
  to   space 512K, 0% used [0x00000000d5800000,0x00000000d5800000,0x00000000d5880000)
 ParOldGen       total 651776K, used 149553K [0x0000000080000000, 0x00000000a7c80000, 0x00000000d5580000)
  object space 651776K, 22% used [0x0000000080000000,0x000000008920c468,0x00000000a7c80000)
 Metaspace       used 77968K, committed 79680K, reserved 1179648K
  class space    used 7952K, committed 8768K, reserved 1048576K
}
Event: 7526.060 GC heap before
{Heap before GC invocations=624 (full 4):
 PSYoungGen      total 2048K, used 1888K [0x00000000d5580000, 0x00000000d5880000, 0x0000000100000000)
  eden space 1536K, 100% used [0x00000000d5580000,0x00000000d5700000,0x00000000d5700000)
  from space 512K, 68% used [0x00000000d5780000,0x00000000d57d8000,0x00000000d5800000)
  to   space 512K, 0% used [0x00000000d5800000,0x00000000d5800000,0x00000000d5880000)
 ParOldGen       total 651776K, used 149553K [0x0000000080000000, 0x00000000a7c80000, 0x00000000d5580000)
  object space 651776K, 22% used [0x0000000080000000,0x000000008920c468,0x00000000a7c80000)
 Metaspace       used 77981K, committed 79744K, reserved 1179648K
  class space    used 7952K, committed 8768K, reserved 1048576K
}
Event: 7526.061 GC heap after
{Heap after GC invocations=624 (full 4):
 PSYoungGen      total 2048K, used 384K [0x00000000d5580000, 0x00000000d5880000, 0x0000000100000000)
  eden space 1536K, 0% used [0x00000000d5580000,0x00000000d5580000,0x00000000d5700000)
  from space 512K, 75% used [0x00000000d5800000,0x00000000d5860000,0x00000000d5880000)
  to   space 512K, 0% used [0x00000000d5780000,0x00000000d5780000,0x00000000d5800000)
 ParOldGen       total 651776K, used 149633K [0x0000000080000000, 0x00000000a7c80000, 0x00000000d5580000)
  object space 651776K, 22% used [0x0000000080000000,0x0000000089220468,0x00000000a7c80000)
 Metaspace       used 77981K, committed 79744K, reserved 1179648K
  class space    used 7952K, committed 8768K, reserved 1048576K
}
Event: 7526.070 GC heap before
{Heap before GC invocations=625 (full 4):
 PSYoungGen      total 2048K, used 1920K [0x00000000d5580000, 0x00000000d5880000, 0x0000000100000000)
  eden space 1536K, 100% used [0x00000000d5580000,0x00000000d5700000,0x00000000d5700000)
  from space 512K, 75% used [0x00000000d5800000,0x00000000d5860000,0x00000000d5880000)
  to   space 512K, 0% used [0x00000000d5780000,0x00000000d5780000,0x00000000d5800000)
 ParOldGen       total 651776K, used 149633K [0x0000000080000000, 0x00000000a7c80000, 0x00000000d5580000)
  object space 651776K, 22% used [0x0000000080000000,0x0000000089220468,0x00000000a7c80000)
 Metaspace       used 77986K, committed 79744K, reserved 1179648K
  class space    used 7952K, committed 8768K, reserved 1048576K
}
Event: 7526.091 GC heap after
{Heap after GC invocations=625 (full 4):
 PSYoungGen      total 2560K, used 256K [0x00000000d5580000, 0x00000000d5880000, 0x0000000100000000)
  eden space 2048K, 0% used [0x00000000d5580000,0x00000000d5580000,0x00000000d5780000)
  from space 512K, 50% used [0x00000000d5780000,0x00000000d57c0000,0x00000000d5800000)
  to   space 512K, 0% used [0x00000000d5800000,0x00000000d5800000,0x00000000d5880000)
 ParOldGen       total 651776K, used 149713K [0x0000000080000000, 0x00000000a7c80000, 0x00000000d5580000)
  object space 651776K, 22% used [0x0000000080000000,0x0000000089234468,0x00000000a7c80000)
 Metaspace       used 77986K, committed 79744K, reserved 1179648K
  class space    used 7952K, committed 8768K, reserved 1048576K
}
Event: 7666.735 GC heap before
{Heap before GC invocations=626 (full 4):
 PSYoungGen      total 2560K, used 2304K [0x00000000d5580000, 0x00000000d5880000, 0x0000000100000000)
  eden space 2048K, 100% used [0x00000000d5580000,0x00000000d5780000,0x00000000d5780000)
  from space 512K, 50% used [0x00000000d5780000,0x00000000d57c0000,0x00000000d5800000)
  to   space 512K, 0% used [0x00000000d5800000,0x00000000d5800000,0x00000000d5880000)
 ParOldGen       total 651776K, used 149713K [0x0000000080000000, 0x00000000a7c80000, 0x00000000d5580000)
  object space 651776K, 22% used [0x0000000080000000,0x0000000089234468,0x00000000a7c80000)
 Metaspace       used 77987K, committed 79744K, reserved 1179648K
  class space    used 7952K, committed 8768K, reserved 1048576K
}
Event: 7666.783 GC heap after
{Heap after GC invocations=626 (full 4):
 PSYoungGen      total 2560K, used 352K [0x00000000d5580000, 0x00000000d5880000, 0x0000000100000000)
  eden space 2048K, 0% used [0x00000000d5580000,0x00000000d5580000,0x00000000d5780000)
  from space 512K, 68% used [0x00000000d5800000,0x00000000d5858000,0x00000000d5880000)
  to   space 512K, 0% used [0x00000000d5780000,0x00000000d5780000,0x00000000d5800000)
 ParOldGen       total 651776K, used 149785K [0x0000000080000000, 0x00000000a7c80000, 0x00000000d5580000)
  object space 651776K, 22% used [0x0000000080000000,0x0000000089246468,0x00000000a7c80000)
 Metaspace       used 77987K, committed 79744K, reserved 1179648K
  class space    used 7952K, committed 8768K, reserved 1048576K
}
Event: 7667.438 GC heap before
{Heap before GC invocations=627 (full 4):
 PSYoungGen      total 2560K, used 2400K [0x00000000d5580000, 0x00000000d5880000, 0x0000000100000000)
  eden space 2048K, 100% used [0x00000000d5580000,0x00000000d5780000,0x00000000d5780000)
  from space 512K, 68% used [0x00000000d5800000,0x00000000d5858000,0x00000000d5880000)
  to   space 512K, 0% used [0x00000000d5780000,0x00000000d5780000,0x00000000d5800000)
 ParOldGen       total 651776K, used 149785K [0x0000000080000000, 0x00000000a7c80000, 0x00000000d5580000)
  object space 651776K, 22% used [0x0000000080000000,0x0000000089246468,0x00000000a7c80000)
 Metaspace       used 77987K, committed 79744K, reserved 1179648K
  class space    used 7952K, committed 8768K, reserved 1048576K
}
Event: 7667.441 GC heap after
{Heap after GC invocations=627 (full 4):
 PSYoungGen      total 2560K, used 448K [0x00000000d5580000, 0x00000000d5880000, 0x0000000100000000)
  eden space 2048K, 0% used [0x00000000d5580000,0x00000000d5580000,0x00000000d5780000)
  from space 512K, 87% used [0x00000000d5780000,0x00000000d57f0000,0x00000000d5800000)
  to   space 512K, 0% used [0x00000000d5800000,0x00000000d5800000,0x00000000d5880000)
 ParOldGen       total 651776K, used 149873K [0x0000000080000000, 0x00000000a7c80000, 0x00000000d5580000)
  object space 651776K, 22% used [0x0000000080000000,0x000000008925c468,0x00000000a7c80000)
 Metaspace       used 77987K, committed 79744K, reserved 1179648K
  class space    used 7952K, committed 8768K, reserved 1048576K
}
Event: 7667.468 GC heap before
{Heap before GC invocations=628 (full 4):
 PSYoungGen      total 2560K, used 2496K [0x00000000d5580000, 0x00000000d5880000, 0x0000000100000000)
  eden space 2048K, 100% used [0x00000000d5580000,0x00000000d5780000,0x00000000d5780000)
  from space 512K, 87% used [0x00000000d5780000,0x00000000d57f0000,0x00000000d5800000)
  to   space 512K, 0% used [0x00000000d5800000,0x00000000d5800000,0x00000000d5880000)
 ParOldGen       total 651776K, used 149873K [0x0000000080000000, 0x00000000a7c80000, 0x00000000d5580000)
  object space 651776K, 22% used [0x0000000080000000,0x000000008925c468,0x00000000a7c80000)
 Metaspace       used 77990K, committed 79744K, reserved 1179648K
  class space    used 7952K, committed 8768K, reserved 1048576K
}
Event: 7667.471 GC heap after
{Heap after GC invocations=628 (full 4):
 PSYoungGen      total 2560K, used 256K [0x00000000d5580000, 0x00000000d5880000, 0x0000000100000000)
  eden space 2048K, 0% used [0x00000000d5580000,0x00000000d5580000,0x00000000d5780000)
  from space 512K, 50% used [0x00000000d5800000,0x00000000d5840000,0x00000000d5880000)
  to   space 512K, 0% used [0x00000000d5780000,0x00000000d5780000,0x00000000d5800000)
 ParOldGen       total 651776K, used 150043K [0x0000000080000000, 0x00000000a7c80000, 0x00000000d5580000)
  object space 651776K, 23% used [0x0000000080000000,0x0000000089286d88,0x00000000a7c80000)
 Metaspace       used 77990K, committed 79744K, reserved 1179648K
  class space    used 7952K, committed 8768K, reserved 1048576K
}
Event: 7670.348 GC heap before
{Heap before GC invocations=629 (full 4):
 PSYoungGen      total 2560K, used 2304K [0x00000000d5580000, 0x00000000d5880000, 0x0000000100000000)
  eden space 2048K, 100% used [0x00000000d5580000,0x00000000d5780000,0x00000000d5780000)
  from space 512K, 50% used [0x00000000d5800000,0x00000000d5840000,0x00000000d5880000)
  to   space 512K, 0% used [0x00000000d5780000,0x00000000d5780000,0x00000000d5800000)
 ParOldGen       total 651776K, used 150043K [0x0000000080000000, 0x00000000a7c80000, 0x00000000d5580000)
  object space 651776K, 23% used [0x0000000080000000,0x0000000089286d88,0x00000000a7c80000)
 Metaspace       used 77990K, committed 79744K, reserved 1179648K
  class space    used 7952K, committed 8768K, reserved 1048576K
}
Event: 7670.351 GC heap after
{Heap after GC invocations=629 (full 4):
 PSYoungGen      total 2560K, used 448K [0x00000000d5580000, 0x00000000d5880000, 0x0000000100000000)
  eden space 2048K, 0% used [0x00000000d5580000,0x00000000d5580000,0x00000000d5780000)
  from space 512K, 87% used [0x00000000d5780000,0x00000000d57f0000,0x00000000d5800000)
  to   space 512K, 0% used [0x00000000d5800000,0x00000000d5800000,0x00000000d5880000)
 ParOldGen       total 651776K, used 150139K [0x0000000080000000, 0x00000000a7c80000, 0x00000000d5580000)
  object space 651776K, 23% used [0x0000000080000000,0x000000008929ed88,0x00000000a7c80000)
 Metaspace       used 77990K, committed 79744K, reserved 1179648K
  class space    used 7952K, committed 8768K, reserved 1048576K
}
Event: 7670.360 GC heap before
{Heap before GC invocations=630 (full 4):
 PSYoungGen      total 2560K, used 2496K [0x00000000d5580000, 0x00000000d5880000, 0x0000000100000000)
  eden space 2048K, 100% used [0x00000000d5580000,0x00000000d5780000,0x00000000d5780000)
  from space 512K, 87% used [0x00000000d5780000,0x00000000d57f0000,0x00000000d5800000)
  to   space 512K, 0% used [0x00000000d5800000,0x00000000d5800000,0x00000000d5880000)
 ParOldGen       total 651776K, used 150139K [0x0000000080000000, 0x00000000a7c80000, 0x00000000d5580000)
  object space 651776K, 23% used [0x0000000080000000,0x000000008929ed88,0x00000000a7c80000)
 Metaspace       used 77991K, committed 79744K, reserved 1179648K
  class space    used 7952K, committed 8768K, reserved 1048576K
}
Event: 7670.364 GC heap after
{Heap after GC invocations=630 (full 4):
 PSYoungGen      total 2560K, used 288K [0x00000000d5580000, 0x00000000d5880000, 0x0000000100000000)
  eden space 2048K, 0% used [0x00000000d5580000,0x00000000d5580000,0x00000000d5780000)
  from space 512K, 56% used [0x00000000d5800000,0x00000000d5848000,0x00000000d5880000)
  to   space 512K, 0% used [0x00000000d5780000,0x00000000d5780000,0x00000000d5800000)
 ParOldGen       total 651776K, used 150325K [0x0000000080000000, 0x00000000a7c80000, 0x00000000d5580000)
  object space 651776K, 23% used [0x0000000080000000,0x00000000892cd6a8,0x00000000a7c80000)
 Metaspace       used 77991K, committed 79744K, reserved 1179648K
  class space    used 7952K, committed 8768K, reserved 1048576K
}

